<?xml version="1.0" encoding="UTF-8"?>
<!-- Generated by org.testng.reporters.JUnitReportReporter -->
<testsuite hostname="GLB-185-PC" failures="0" tests="1" name="hrm.testcase.LoginPageTestScript1" time="16.525" errors="0" timestamp="2022-08-09T17:25:32 IST" skipped="0">
  <testcase classname="hrm.testcase.LoginPageTestScript1" name="LoginTestScript" time="16.525"/>
  <system-out>
    <![CDATA[Login]]>
  </system-out>
</testsuite> <!-- hrm.testcase.LoginPageTestScript1 -->
