<?xml version="1.0" encoding="UTF-8"?>
<!-- Generated by org.testng.reporters.JUnitReportReporter -->
<testsuite hostname="GLB-185-PC" failures="0" tests="1" name="hrm.testcase.LoginPageTestScript" time="22.411" errors="0" timestamp="2022-08-05T12:33:27 IST" skipped="0">
  <testcase classname="hrm.testcase.LoginPageTestScript" name="LoginTestScript" time="22.411"/>
  <system-out/>
</testsuite> <!-- hrm.testcase.LoginPageTestScript -->
