<?xml version="1.0" encoding="UTF-8"?>
<!-- Generated by org.testng.reporters.JUnitReportReporter -->
<testsuite hostname="GLB-185-PC" failures="0" tests="3" name="hrm.testcase.BuzzTestScript4" time="70.283" errors="0" timestamp="2022-08-09T17:25:32 IST" skipped="0">
  <testcase classname="hrm.testcase.BuzzTestScript4" name="Buzz" time="21.076"/>
  <system-out>
    <![CDATA[Buzz]]>
  </system-out>
  <testcase classname="hrm.testcase.BuzzTestScript4" name="Buzz1" time="24.571"/>
  <system-out>
    <![CDATA[Buzz1]]>
  </system-out>
  <testcase classname="hrm.testcase.BuzzTestScript4" name="Buzz2" time="24.636"/>
  <system-out>
    <![CDATA[Buzz2]]>
  </system-out>
</testsuite> <!-- hrm.testcase.BuzzTestScript4 -->
