<?xml version="1.0" encoding="UTF-8"?>
<!-- Generated by org.testng.reporters.JUnitReportReporter -->
<testsuite hostname="GLB-185-PC" failures="0" tests="13" name="hrm.testcase.HomePageTestScript5" time="213.455" errors="0" timestamp="2022-08-09T17:25:32 IST" skipped="0">
  <testcase classname="hrm.testcase.HomePageTestScript5" name="Pim" time="16.214"/>
  <system-out>
    <![CDATA[Pim]]>
  </system-out>
  <testcase classname="hrm.testcase.HomePageTestScript5" name="Leave" time="15.973"/>
  <system-out>
    <![CDATA[Leave]]>
  </system-out>
  <testcase classname="hrm.testcase.HomePageTestScript5" name="Time" time="14.020"/>
  <system-out>
    <![CDATA[Time]]>
  </system-out>
  <testcase classname="hrm.testcase.HomePageTestScript5" name="Recruitment" time="14.260"/>
  <system-out>
    <![CDATA[Recruitment]]>
  </system-out>
  <testcase classname="hrm.testcase.HomePageTestScript5" name="Myinfo" time="17.186"/>
  <system-out>
    <![CDATA[Myinfo]]>
  </system-out>
  <testcase classname="hrm.testcase.HomePageTestScript5" name="Performance" time="14.254"/>
  <system-out>
    <![CDATA[Performance]]>
  </system-out>
  <testcase classname="hrm.testcase.HomePageTestScript5" name="Directory" time="22.792"/>
  <system-out>
    <![CDATA[Directory]]>
  </system-out>
  <testcase classname="hrm.testcase.HomePageTestScript5" name="Maintenance" time="16.731"/>
  <system-out>
    <![CDATA[Maintenance]]>
  </system-out>
  <testcase classname="hrm.testcase.HomePageTestScript5" name="Buzz" time="16.944"/>
  <system-out>
    <![CDATA[Buzz]]>
  </system-out>
  <testcase classname="hrm.testcase.HomePageTestScript5" name="Marketplace" time="16.685"/>
  <system-out>
    <![CDATA[Marketplace]]>
  </system-out>
  <testcase classname="hrm.testcase.HomePageTestScript5" name="Notification" time="17.334"/>
  <system-out>
    <![CDATA[Notification]]>
  </system-out>
  <testcase classname="hrm.testcase.HomePageTestScript5" name="Questionmarklink" time="14.522"/>
  <system-out>
    <![CDATA[Questionmark]]>
  </system-out>
  <testcase classname="hrm.testcase.HomePageTestScript5" name="WelcomeMenuTologout" time="16.540"/>
  <system-out>
    <![CDATA[WelcomeMenuTologout]]>
  </system-out>
</testsuite> <!-- hrm.testcase.HomePageTestScript5 -->
