<?xml version="1.0" encoding="UTF-8"?>
<!-- Generated by org.testng.reporters.JUnitReportReporter -->
<testsuite hostname="GLB-185-PC" failures="0" tests="1" name="hrm.testcase.PayGradeTestScript7" time="23.253" errors="0" timestamp="2022-08-09T17:25:32 IST" skipped="0">
  <testcase classname="hrm.testcase.PayGradeTestScript7" name="HomePagetoPayGrade" time="23.253"/>
  <system-out>
    <![CDATA[HomePagetoPayGrade]]>
  </system-out>
</testsuite> <!-- hrm.testcase.PayGradeTestScript7 -->
