<?xml version="1.0" encoding="UTF-8"?>
<!-- Generated by org.testng.reporters.JUnitReportReporter -->
<testsuite hostname="GLB-185-PC" failures="0" tests="1" name="hrm.testcase.JobTileTestScript6" time="23.884" errors="0" timestamp="2022-08-09T17:25:32 IST" skipped="0">
  <testcase classname="hrm.testcase.JobTileTestScript6" name="AdimtouserToJobTile" time="23.884"/>
  <system-out>
    <![CDATA[AdimtouserToJobTile]]>
  </system-out>
</testsuite> <!-- hrm.testcase.JobTileTestScript6 -->
