<?xml version="1.0" encoding="UTF-8"?>
<!-- Generated by org.testng.reporters.JUnitReportReporter -->
<testsuite hostname="GLB-185-PC" failures="0" tests="6" name="hrm.testcase.QuickLuchTestScript2" time="84.658" errors="0" timestamp="2022-08-09T17:25:32 IST" skipped="0">
  <testcase classname="hrm.testcase.QuickLuchTestScript2" name="Assignleave" time="12.709"/>
  <system-out>
    <![CDATA[Assignleave]]>
  </system-out>
  <testcase classname="hrm.testcase.QuickLuchTestScript2" name="Leavelist" time="14.360"/>
  <system-out>
    <![CDATA[Leavelist]]>
  </system-out>
  <testcase classname="hrm.testcase.QuickLuchTestScript2" name="Timesheet" time="14.080"/>
  <system-out>
    <![CDATA[Timesheet]]>
  </system-out>
  <testcase classname="hrm.testcase.QuickLuchTestScript2" name="Applyleave" time="14.839"/>
  <system-out>
    <![CDATA[Applyleavelink]]>
  </system-out>
  <testcase classname="hrm.testcase.QuickLuchTestScript2" name="Myleave" time="15.109"/>
  <system-out>
    <![CDATA[Myleave
Myleavelink]]>
  </system-out>
  <testcase classname="hrm.testcase.QuickLuchTestScript2" name="Mytimesheet" time="13.561"/>
  <system-out>
    <![CDATA[Mytimesheet
Mytimesheetlink]]>
  </system-out>
</testsuite> <!-- hrm.testcase.QuickLuchTestScript2 -->
