<?xml version="1.0" encoding="UTF-8"?>
<!-- Generated by org.testng.reporters.JUnitReportReporter -->
<testsuite hostname="GLB-185-PC" failures="0" tests="1" name="hrm.testcase.LoginPageTestScript1" time="9.077" errors="0" timestamp="2022-08-05T18:11:55 IST" skipped="0">
  <testcase classname="hrm.testcase.LoginPageTestScript1" name="LoginTestScript" time="9.077"/>
  <system-out/>
</testsuite> <!-- hrm.testcase.LoginPageTestScript1 -->
