<?xml version="1.0" encoding="UTF-8"?>
<!-- Generated by org.testng.reporters.JUnitReportReporter -->
<testsuite hostname="GLB-185-PC" failures="0" tests="3" name="hrm.testcase.AdminTestScript3" time="72.935" errors="0" timestamp="2022-08-09T17:25:32 IST" skipped="0">
  <testcase classname="hrm.testcase.AdminTestScript3" name="Adimtouser" time="17.988"/>
  <system-out>
    <![CDATA[Adimtuser]]>
  </system-out>
  <testcase classname="hrm.testcase.AdminTestScript3" name="User_System" time="31.685"/>
  <system-out>
    <![CDATA[User_System]]>
  </system-out>
  <testcase classname="hrm.testcase.AdminTestScript3" name="CheckBox" time="23.262"/>
  <system-out>
    <![CDATA[CheckBox]]>
  </system-out>
</testsuite> <!-- hrm.testcase.AdminTestScript3 -->
