<?xml version="1.0" encoding="UTF-8"?>
<!-- Generated by org.testng.reporters.JUnitReportReporter -->
<testsuite hostname="GLB-185-PC" failures="0" tests="1" name="hrm.testcase.LeaveListTestScript8" time="27.058" errors="0" timestamp="2022-08-09T17:25:32 IST" skipped="0">
  <testcase classname="hrm.testcase.LeaveListTestScript8" name="Leavelist" time="27.058"/>
  <system-out>
    <![CDATA[Leavelist]]>
  </system-out>
</testsuite> <!-- hrm.testcase.LeaveListTestScript8 -->
